<?xml version="1.0" encoding="UTF-8"?>
<!-- Generated by org.testng.reporters.JUnitReportReporter -->
<testsuite hostname="DESKTOP-UJH0C9S" failures="0" tests="10" name="tests.BlogSpotTest" time="22.370" errors="0" timestamp="2026-06-13T01:53:40 IST" skipped="0">
  <testcase classname="tests.BlogSpotTest" name="formDetailsTest" time="3.831"/>
  <testcase classname="tests.BlogSpotTest" name="dropdownSelectionTest" time="1.166"/>
  <testcase classname="tests.BlogSpotTest" name="datePickerTest" time="2.383"/>
  <testcase classname="tests.BlogSpotTest" name="fileUploadTest" time="1.192"/>
  <testcase classname="tests.BlogSpotTest" name="paginationTableTest" time="0.831"/>
  <testcase classname="tests.BlogSpotTest" name="inputFormSectionTest" time="1.367"/>
  <testcase classname="tests.BlogSpotTest" name="wikipediaTest" time="2.301"/>
  <testcase classname="tests.BlogSpotTest" name="alertTest" time="0.946"/>
  <testcase classname="tests.BlogSpotTest" name="windowAndTabTest" time="1.656"/>
  <testcase classname="tests.BlogSpotTest" name="actionsLaptopBrokenLinksAndShadowDomTest" time="6.697"/>
</testsuite> <!-- tests.BlogSpotTest -->
