<?xml version="1.0" encoding="UTF-8"?>
<!-- Generated by org.testng.reporters.JUnitXMLReporter -->
<testsuite ignored="5" hostname="DESKTOP-UJH0C9S" failures="0" tests="0" name="Smoke Tests" time="0.059" errors="0" timestamp="2026-06-10T15:49:17 IST">
  <testcase classname="tests.BlogSpotTest" name="actionsLaptopBrokenLinksAndShadowDomTest" time="0.0">
    <ignored/>
  </testcase> <!-- actionsLaptopBrokenLinksAndShadowDomTest -->
  <testcase classname="tests.BlogSpotTest" name="fileUploadTest" time="0.0">
    <ignored/>
  </testcase> <!-- fileUploadTest -->
  <testcase classname="tests.BlogSpotTest" name="datePickerTest" time="0.0">
    <ignored/>
  </testcase> <!-- datePickerTest -->
  <testcase classname="tests.BlogSpotTest" name="windowAndTabTest" time="0.0">
    <ignored/>
  </testcase> <!-- windowAndTabTest -->
  <testcase classname="tests.BlogSpotTest" name="wikipediaTest" time="0.0">
    <ignored/>
  </testcase> <!-- wikipediaTest -->
</testsuite> <!-- Smoke Tests -->
