<?xml version="1.0" encoding="UTF-8"?>
<!-- Generated by org.testng.reporters.JUnitXMLReporter -->
<testsuite ignored="0" hostname="DESKTOP-UJH0C9S" failures="0" tests="10" name="Test" time="26.971" errors="0" timestamp="2026-06-08T20:24:10 IST">
  <testcase classname="tests.BlogSpotTest" name="formDetailsTest" time="3.333"/>
  <testcase classname="tests.BlogSpotTest" name="dropdownSelectionTest" time="0.758"/>
  <testcase classname="tests.BlogSpotTest" name="datePickerTest" time="1.436"/>
  <testcase classname="tests.BlogSpotTest" name="fileUploadTest" time="0.519"/>
  <testcase classname="tests.BlogSpotTest" name="paginationTableTest" time="0.546"/>
  <testcase classname="tests.BlogSpotTest" name="inputFormSectionTest" time="0.974"/>
  <testcase classname="tests.BlogSpotTest" name="wikipediaTest" time="2.15"/>
  <testcase classname="tests.BlogSpotTest" name="alertTest" time="0.87"/>
  <testcase classname="tests.BlogSpotTest" name="windowAndTabTest" time="1.318"/>
  <testcase classname="tests.BlogSpotTest" name="actionsLaptopBrokenLinksAndShadowDomTest" time="7.514"/>
</testsuite> <!-- Test -->
